c:\develop\code\realstation\demoosgqt\x64\release\trianglehelper.obj
c:\develop\code\realstation\demoosgqt\x64\release\moc_osgviewerwidget.obj
c:\develop\code\realstation\demoosgqt\x64\release\qrc_demoosgqt.obj
c:\develop\code\realstation\demoosgqt\x64\release\createpolygon3dandtrianglehandler.obj
c:\develop\code\realstation\demoosgqt\x64\release\demoosgqt.obj
c:\develop\code\realstation\demoosgqt\x64\release\osgviewerwidget.obj
c:\develop\code\realstation\demoosgqt\x64\release\main.obj
c:\develop\code\realstation\demoosgqt\x64\release\moc_demoosgqt.obj
c:\develop\code\realstation\demoosgqt\x64\release\createpolygon3dhandler.obj
c:\develop\code\realstation\demoosgqt\x64\release\geoshelper.obj
c:\develop\demoosgqt\x64\release\osgviewerwidget.obj
c:\develop\demoosgqt\x64\release\createpolygon3dandtrianglehandler.obj
c:\develop\demoosgqt\x64\release\moc_osgviewerwidget.obj
c:\develop\demoosgqt\x64\release\createpolygon3dhandler.obj
c:\develop\demoosgqt\x64\release\qrc_demoosgqt.obj
c:\develop\demoosgqt\x64\release\demoosgqt.obj
c:\develop\demoosgqt\x64\release\moc_demoosgqt.obj
c:\develop\demoosgqt\x64\release\main.obj
c:\develop\code\realstation\demoosgqt\generatedfiles\release\moc_demoosgqt.cpp
c:\develop\code\realstation\demoosgqt\generatedfiles\release\moc_osgviewerwidget.cpp
c:\develop\code\realstation\demoosgqt\generatedfiles\qrc_demoosgqt.cpp
c:\develop\code\realstation\demoosgqt\generatedfiles\ui_demoosgqt.h
c:\develop\demoosgqt\generatedfiles\release\moc_demoosgqt.cpp
c:\develop\demoosgqt\generatedfiles\release\moc_osgviewerwidget.cpp
c:\develop\demoosgqt\generatedfiles\qrc_demoosgqt.cpp
c:\develop\demoosgqt\generatedfiles\ui_demoosgqt.h
c:\develop\code\realstation\x64\release\demoosgqt.exe
c:\develop\demoosgqt\x64\release\demoosgqt.exe
c:\develop\demoosgqt\.\generatedfiles\release\moc_demoosgqt.cpp
c:\develop\demoosgqt\.\generatedfiles\release\moc_osgviewerwidget.cpp
c:\develop\demoosgqt\.\generatedfiles\qrc_demoosgqt.cpp
c:\develop\demoosgqt\.\generatedfiles\ui_demoosgqt.h
c:\develop\demoosgqt\x64\release\geoshelper.obj
c:\develop\demoosgqt\x64\release\trianglehelper.obj
c:\develop\demoosgqt\x64\release\demoosgqt.tlog\cl.command.1.tlog
c:\develop\demoosgqt\x64\release\demoosgqt.tlog\cl.read.1.tlog
c:\develop\demoosgqt\x64\release\demoosgqt.tlog\cl.write.1.tlog
c:\develop\demoosgqt\x64\release\demoosgqt.tlog\demoosgqt.write.1u.tlog
c:\develop\demoosgqt\x64\release\demoosgqt.tlog\link.command.1.tlog
c:\develop\demoosgqt\x64\release\demoosgqt.tlog\link.read.1.tlog
c:\develop\demoosgqt\x64\release\demoosgqt.tlog\link.write.1.tlog
c:\develop\demoosgqt\x64\release\demoosgqt.tlog\qtmoc.read.1u.tlog
c:\develop\demoosgqt\x64\release\demoosgqt.tlog\qtmoc.write.1u.tlog
c:\develop\demoosgqt\x64\release\demoosgqt.tlog\qtrcc.read.1u.tlog
c:\develop\demoosgqt\x64\release\demoosgqt.tlog\qtrcc.write.1u.tlog
c:\develop\demoosgqt\x64\release\demoosgqt.tlog\qtuic.read.1u.tlog
c:\develop\demoosgqt\x64\release\demoosgqt.tlog\qtuic.write.1u.tlog
