c:\develop\code\realstation\demoosgqt\x64\debug\moc_osgviewerwidget.obj
c:\develop\code\realstation\demoosgqt\x64\debug\qrc_demoosgqt.obj
c:\develop\code\realstation\demoosgqt\x64\debug\main.obj
c:\develop\code\realstation\demoosgqt\x64\debug\trianglehelper.obj
c:\develop\code\realstation\demoosgqt\x64\debug\createpolygon3dandtrianglehandler.obj
c:\develop\code\realstation\demoosgqt\x64\debug\moc_demoosgqt.obj
c:\develop\code\realstation\demoosgqt\x64\debug\createpolygon3dhandler.obj
c:\develop\code\realstation\demoosgqt\x64\debug\osgviewerwidget.obj
c:\develop\code\realstation\demoosgqt\x64\debug\demoosgqt.obj
c:\develop\code\realstation\demoosgqt\x64\debug\vc141.pdb
c:\develop\code\realstation\demoosgqt\x64\debug\geoshelper.obj
c:\develop\code\realstation\demoosgqt\generatedfiles\debug\moc_demoosgqt.cpp
c:\develop\code\realstation\demoosgqt\generatedfiles\debug\moc_osgviewerwidget.cpp
c:\develop\code\realstation\demoosgqt\generatedfiles\qrc_demoosgqt.cpp
c:\develop\code\realstation\demoosgqt\generatedfiles\ui_demoosgqt.h
c:\develop\code\realstation\x64\debug\demoosgqt.exe
c:\develop\code\realstation\x64\debug\demoosgqt.ilk
c:\develop\code\realstation\x64\debug\demoosgqt.pdb
c:\develop\code\realstation\demoosgqt\.\generatedfiles\debug\moc_demoosgqt.cpp
c:\develop\code\realstation\demoosgqt\.\generatedfiles\debug\moc_osgviewerwidget.cpp
c:\develop\code\realstation\demoosgqt\.\generatedfiles\qrc_demoosgqt.cpp
c:\develop\code\realstation\demoosgqt\.\generatedfiles\ui_demoosgqt.h
c:\develop\code\realstation\demoosgqt\x64\debug\demoosgqt.tlog\cl.command.1.tlog
c:\develop\code\realstation\demoosgqt\x64\debug\demoosgqt.tlog\cl.read.1.tlog
c:\develop\code\realstation\demoosgqt\x64\debug\demoosgqt.tlog\cl.write.1.tlog
c:\develop\code\realstation\demoosgqt\x64\debug\demoosgqt.tlog\demoosgqt.write.1u.tlog
c:\develop\code\realstation\demoosgqt\x64\debug\demoosgqt.tlog\link.command.1.tlog
c:\develop\code\realstation\demoosgqt\x64\debug\demoosgqt.tlog\link.read.1.tlog
c:\develop\code\realstation\demoosgqt\x64\debug\demoosgqt.tlog\link.write.1.tlog
c:\develop\code\realstation\demoosgqt\x64\debug\demoosgqt.tlog\qtmoc.read.1u.tlog
c:\develop\code\realstation\demoosgqt\x64\debug\demoosgqt.tlog\qtmoc.write.1u.tlog
c:\develop\code\realstation\demoosgqt\x64\debug\demoosgqt.tlog\qtrcc.read.1u.tlog
c:\develop\code\realstation\demoosgqt\x64\debug\demoosgqt.tlog\qtrcc.write.1u.tlog
c:\develop\code\realstation\demoosgqt\x64\debug\demoosgqt.tlog\qtuic.read.1u.tlog
c:\develop\code\realstation\demoosgqt\x64\debug\demoosgqt.tlog\qtuic.write.1u.tlog
